<?xml version="1.0" encoding="UTF-8"?>
<!-- Generated by org.testng.reporters.JUnitReportReporter -->
<testsuite hostname="admin-PC" name="com.test.practices.SEO_BuildersURL" tests="1" failures="0" timestamp="12 Jun 2017 11:07:34 GMT" time="48.735" errors="1">
  <testcase name="test_URL" time="48.735" classname="com.test.practices.SEO_BuildersURL">
    <error type="org.openqa.selenium.WebDriverException" message="Failed to connect to binary FirefoxBinary(C:\Program Files (x86)\Mozilla Firefox\firefox.exe) on port 7055; process output follows: 
:&quot;The default theme.&quot;,&quot;creator&quot;:&quot;Mozilla&quot;,&quot;homepageURL&quot;:null,&quot;contributors&quot;:[&quot;Mozilla Contributors&quot;]},&quot;visible&quot;:true,&quot;active&quot;:true,&quot;userDisabled&quot;:false,&quot;appDisabled&quot;:false,&quot;descriptor&quot;:&quot;C:\\Program Files (x86)\\Mozilla Firefox\\browser\\extensions\\{972ce4c6-7e08-4474-a285-3208198ce6fd}.xpi&quot;,&quot;installDate&quot;:1497265396131,&quot;updateDate&quot;:1497265396131,&quot;applyBackgroundUpdates&quot;:1,&quot;skinnable&quot;:true,&quot;size&quot;:8207,&quot;sourceURI&quot;:null,&quot;releaseNotesURI&quot;:null,&quot;softDisabled&quot;:false,&quot;foreignInstall&quot;:false,&quot;hasBinaryComponents&quot;:false,&quot;strictCompatibility&quot;:true,&quot;locales&quot;:[],&quot;targetApplications&quot;:[{&quot;id&quot;:&quot;{ec8030f7-c20a-464f-9b0e-13a3a9e97384}&quot;,&quot;minVersion&quot;:&quot;53.0.3&quot;,&quot;maxVersion&quot;:&quot;53.0.3&quot;}],&quot;targetPlatforms&quot;:[],&quot;seen&quot;:true,&quot;dependencies&quot;:[],&quot;hasEmbeddedWebExtension&quot;:false,&quot;userPermissions&quot;:null}
1497265607766	addons.xpi	DEBUG	getModTime: Recursive scan of {972ce4c6-7e08-4474-a285-3208198ce6fd}
1497265607767	DeferredSave.extensions.json	DEBUG	Save changes
1497265607767	addons.xpi	DEBUG	Updating database with changes to installed add-ons
1497265607767	addons.xpi-utils	DEBUG	Updating add-on states
1497265607768	addons.xpi-utils	DEBUG	Writing add-ons list
1497265607772	addons.xpi	DEBUG	Registering manifest for C:\Program Files (x86)\Mozilla Firefox\browser\features\aushelper@mozilla.org.xpi
1497265607773	addons.xpi	DEBUG	Calling bootstrap method startup on aushelper@mozilla.org version 2.0
1497265607775	addons.xpi	DEBUG	Registering manifest for C:\Program Files (x86)\Mozilla Firefox\browser\features\e10srollout@mozilla.org.xpi
1497265607776	addons.xpi	DEBUG	Calling bootstrap method startup on e10srollout@mozilla.org version 1.14
1497265607776	addons.xpi	DEBUG	Registering manifest for C:\Program Files (x86)\Mozilla Firefox\browser\features\firefox@getpocket.com.xpi
1497265607777	addons.xpi	DEBUG	Calling bootstrap method startup on firefox@getpocket.com version 1.0.5
1497265607778	addons.xpi	DEBUG	Registering manifest for C:\Program Files (x86)\Mozilla Firefox\browser\features\webcompat@mozilla.org.xpi
1497265607778	addons.xpi	DEBUG	Calling bootstrap method startup on webcompat@mozilla.org version 1.0
1497265607781	addons.manager	DEBUG	Registering shutdown blocker for XPIProvider
1497265607781	addons.manager	DEBUG	Provider finished startup: XPIProvider
1497265607782	addons.manager	DEBUG	Starting provider: LightweightThemeManager
1497265607782	addons.manager	DEBUG	Registering shutdown blocker for LightweightThemeManager
1497265607782	addons.manager	DEBUG	Provider finished startup: LightweightThemeManager
1497265607783	addons.manager	DEBUG	Starting provider: GMPProvider
1497265607787	addons.manager	DEBUG	Registering shutdown blocker for GMPProvider
1497265607787	addons.manager	DEBUG	Provider finished startup: GMPProvider
1497265607787	addons.manager	DEBUG	Starting provider: PluginProvider
1497265607787	addons.manager	DEBUG	Registering shutdown blocker for PluginProvider
1497265607788	addons.manager	DEBUG	Provider finished startup: PluginProvider
1497265607788	addons.manager	DEBUG	Completed startup sequence
1497265612263	DeferredSave.extensions.json	DEBUG	Starting write
1497265612272	addons.manager	DEBUG	Starting provider: &lt;unnamed-provider&gt;
1497265612272	addons.manager	DEBUG	Registering shutdown blocker for &lt;unnamed-provider&gt;
1497265612273	addons.manager	DEBUG	Provider finished startup: &lt;unnamed-provider&gt;
1497265612646	addons.repository	DEBUG	No addons.json found.
1497265612647	DeferredSave.addons.json	DEBUG	Save changes
1497265612651	DeferredSave.addons.json	DEBUG	Starting timer
1497265612674	addons.manager	DEBUG	Starting provider: PreviousExperimentProvider
1497265612675	addons.manager	DEBUG	Registering shutdown blocker for PreviousExperimentProvider
1497265612675	addons.manager	DEBUG	Provider finished startup: PreviousExperimentProvider
1497265612677	DeferredSave.extensions.json	DEBUG	Write succeeded
1497265612677	addons.xpi-utils	DEBUG	XPI Database saved, setting schema version preference to 19
1497265612714	DeferredSave.addons.json	DEBUG	Starting write
1497265612728	DeferredSave.addons.json	DEBUG	Write succeeded

Build info: version: &#039;2.53.0&#039;, revision: &#039;35ae25b1534ae328c771e0856c93e187490ca824&#039;, time: &#039;2016-03-15 10:43:46&#039;
System info: host: &#039;admin-PC&#039;, ip: &#039;169.254.230.1&#039;, os.name: &#039;Windows 7&#039;, os.arch: &#039;amd64&#039;, os.version: &#039;6.1&#039;, java.version: &#039;1.8.0_71&#039;
Driver info: driver.version: FirefoxDriver">
      <![CDATA[org.openqa.selenium.WebDriverException: Failed to connect to binary FirefoxBinary(C:\Program Files (x86)\Mozilla Firefox\firefox.exe) on port 7055; process output follows: 
:"The default theme.","creator":"Mozilla","homepageURL":null,"contributors":["Mozilla Contributors"]},"visible":true,"active":true,"userDisabled":false,"appDisabled":false,"descriptor":"C:\\Program Files (x86)\\Mozilla Firefox\\browser\\extensions\\{972ce4c6-7e08-4474-a285-3208198ce6fd}.xpi","installDate":1497265396131,"updateDate":1497265396131,"applyBackgroundUpdates":1,"skinnable":true,"size":8207,"sourceURI":null,"releaseNotesURI":null,"softDisabled":false,"foreignInstall":false,"hasBinaryComponents":false,"strictCompatibility":true,"locales":[],"targetApplications":[{"id":"{ec8030f7-c20a-464f-9b0e-13a3a9e97384}","minVersion":"53.0.3","maxVersion":"53.0.3"}],"targetPlatforms":[],"seen":true,"dependencies":[],"hasEmbeddedWebExtension":false,"userPermissions":null}
1497265607766	addons.xpi	DEBUG	getModTime: Recursive scan of {972ce4c6-7e08-4474-a285-3208198ce6fd}
1497265607767	DeferredSave.extensions.json	DEBUG	Save changes
1497265607767	addons.xpi	DEBUG	Updating database with changes to installed add-ons
1497265607767	addons.xpi-utils	DEBUG	Updating add-on states
1497265607768	addons.xpi-utils	DEBUG	Writing add-ons list
1497265607772	addons.xpi	DEBUG	Registering manifest for C:\Program Files (x86)\Mozilla Firefox\browser\features\aushelper@mozilla.org.xpi
1497265607773	addons.xpi	DEBUG	Calling bootstrap method startup on aushelper@mozilla.org version 2.0
1497265607775	addons.xpi	DEBUG	Registering manifest for C:\Program Files (x86)\Mozilla Firefox\browser\features\e10srollout@mozilla.org.xpi
1497265607776	addons.xpi	DEBUG	Calling bootstrap method startup on e10srollout@mozilla.org version 1.14
1497265607776	addons.xpi	DEBUG	Registering manifest for C:\Program Files (x86)\Mozilla Firefox\browser\features\firefox@getpocket.com.xpi
1497265607777	addons.xpi	DEBUG	Calling bootstrap method startup on firefox@getpocket.com version 1.0.5
1497265607778	addons.xpi	DEBUG	Registering manifest for C:\Program Files (x86)\Mozilla Firefox\browser\features\webcompat@mozilla.org.xpi
1497265607778	addons.xpi	DEBUG	Calling bootstrap method startup on webcompat@mozilla.org version 1.0
1497265607781	addons.manager	DEBUG	Registering shutdown blocker for XPIProvider
1497265607781	addons.manager	DEBUG	Provider finished startup: XPIProvider
1497265607782	addons.manager	DEBUG	Starting provider: LightweightThemeManager
1497265607782	addons.manager	DEBUG	Registering shutdown blocker for LightweightThemeManager
1497265607782	addons.manager	DEBUG	Provider finished startup: LightweightThemeManager
1497265607783	addons.manager	DEBUG	Starting provider: GMPProvider
1497265607787	addons.manager	DEBUG	Registering shutdown blocker for GMPProvider
1497265607787	addons.manager	DEBUG	Provider finished startup: GMPProvider
1497265607787	addons.manager	DEBUG	Starting provider: PluginProvider
1497265607787	addons.manager	DEBUG	Registering shutdown blocker for PluginProvider
1497265607788	addons.manager	DEBUG	Provider finished startup: PluginProvider
1497265607788	addons.manager	DEBUG	Completed startup sequence
1497265612263	DeferredSave.extensions.json	DEBUG	Starting write
1497265612272	addons.manager	DEBUG	Starting provider: <unnamed-provider>
1497265612272	addons.manager	DEBUG	Registering shutdown blocker for <unnamed-provider>
1497265612273	addons.manager	DEBUG	Provider finished startup: <unnamed-provider>
1497265612646	addons.repository	DEBUG	No addons.json found.
1497265612647	DeferredSave.addons.json	DEBUG	Save changes
1497265612651	DeferredSave.addons.json	DEBUG	Starting timer
1497265612674	addons.manager	DEBUG	Starting provider: PreviousExperimentProvider
1497265612675	addons.manager	DEBUG	Registering shutdown blocker for PreviousExperimentProvider
1497265612675	addons.manager	DEBUG	Provider finished startup: PreviousExperimentProvider
1497265612677	DeferredSave.extensions.json	DEBUG	Write succeeded
1497265612677	addons.xpi-utils	DEBUG	XPI Database saved, setting schema version preference to 19
1497265612714	DeferredSave.addons.json	DEBUG	Starting write
1497265612728	DeferredSave.addons.json	DEBUG	Write succeeded

Build info: version: '2.53.0', revision: '35ae25b1534ae328c771e0856c93e187490ca824', time: '2016-03-15 10:43:46'
System info: host: 'admin-PC', ip: '169.254.230.1', os.name: 'Windows 7', os.arch: 'amd64', os.version: '6.1', java.version: '1.8.0_71'
Driver info: driver.version: FirefoxDriver
	at org.openqa.selenium.firefox.internal.NewProfileExtensionConnection.start(NewProfileExtensionConnection.java:125)
	at org.openqa.selenium.firefox.FirefoxDriver.startClient(FirefoxDriver.java:271)
	at org.openqa.selenium.remote.RemoteWebDriver.<init>(RemoteWebDriver.java:119)
	at org.openqa.selenium.firefox.FirefoxDriver.<init>(FirefoxDriver.java:216)
	at org.openqa.selenium.firefox.FirefoxDriver.<init>(FirefoxDriver.java:211)
	at org.openqa.selenium.firefox.FirefoxDriver.<init>(FirefoxDriver.java:207)
	at org.openqa.selenium.firefox.FirefoxDriver.<init>(FirefoxDriver.java:120)
	at com.test.practices.SEO_BuildersURL.test_URL(SEO_BuildersURL.java:23)
	at sun.reflect.NativeMethodAccessorImpl.invoke0(Native Method)
	at sun.reflect.NativeMethodAccessorImpl.invoke(Unknown Source)
	at sun.reflect.DelegatingMethodAccessorImpl.invoke(Unknown Source)
	at java.lang.reflect.Method.invoke(Unknown Source)
	at org.testng.internal.MethodInvocationHelper.invokeMethod(MethodInvocationHelper.java:85)
	at org.testng.internal.Invoker.invokeMethod(Invoker.java:659)
	at org.testng.internal.Invoker.invokeTestMethod(Invoker.java:845)
	at org.testng.internal.Invoker.invokeTestMethods(Invoker.java:1153)
	at org.testng.internal.TestMethodWorker.invokeTestMethods(TestMethodWorker.java:125)
	at org.testng.internal.TestMethodWorker.run(TestMethodWorker.java:108)
	at org.testng.TestRunner.privateRun(TestRunner.java:771)
	at org.testng.TestRunner.run(TestRunner.java:621)
	at org.testng.SuiteRunner.runTest(SuiteRunner.java:357)
	at org.testng.SuiteRunner.runSequentially(SuiteRunner.java:352)
	at org.testng.SuiteRunner.privateRun(SuiteRunner.java:310)
	at org.testng.SuiteRunner.run(SuiteRunner.java:259)
	at org.testng.SuiteRunnerWorker.runSuite(SuiteRunnerWorker.java:52)
	at org.testng.SuiteRunnerWorker.run(SuiteRunnerWorker.java:86)
	at org.testng.TestNG.runSuitesSequentially(TestNG.java:1199)
	at org.testng.TestNG.runSuitesLocally(TestNG.java:1124)
	at org.testng.TestNG.run(TestNG.java:1032)
	at org.testng.remote.AbstractRemoteTestNG.run(AbstractRemoteTestNG.java:132)
	at org.testng.remote.RemoteTestNG.initAndRun(RemoteTestNG.java:230)
	at org.testng.remote.RemoteTestNG.main(RemoteTestNG.java:76)
Caused by: org.openqa.selenium.firefox.NotConnectedException: Unable to connect to host 127.0.0.1 on port 7055 after 45000 ms. Firefox console output:
:"The default theme.","creator":"Mozilla","homepageURL":null,"contributors":["Mozilla Contributors"]},"visible":true,"active":true,"userDisabled":false,"appDisabled":false,"descriptor":"C:\\Program Files (x86)\\Mozilla Firefox\\browser\\extensions\\{972ce4c6-7e08-4474-a285-3208198ce6fd}.xpi","installDate":1497265396131,"updateDate":1497265396131,"applyBackgroundUpdates":1,"skinnable":true,"size":8207,"sourceURI":null,"releaseNotesURI":null,"softDisabled":false,"foreignInstall":false,"hasBinaryComponents":false,"strictCompatibility":true,"locales":[],"targetApplications":[{"id":"{ec8030f7-c20a-464f-9b0e-13a3a9e97384}","minVersion":"53.0.3","maxVersion":"53.0.3"}],"targetPlatforms":[],"seen":true,"dependencies":[],"hasEmbeddedWebExtension":false,"userPermissions":null}
1497265607766	addons.xpi	DEBUG	getModTime: Recursive scan of {972ce4c6-7e08-4474-a285-3208198ce6fd}
1497265607767	DeferredSave.extensions.json	DEBUG	Save changes
1497265607767	addons.xpi	DEBUG	Updating database with changes to installed add-ons
1497265607767	addons.xpi-utils	DEBUG	Updating add-on states
1497265607768	addons.xpi-utils	DEBUG	Writing add-ons list
1497265607772	addons.xpi	DEBUG	Registering manifest for C:\Program Files (x86)\Mozilla Firefox\browser\features\aushelper@mozilla.org.xpi
1497265607773	addons.xpi	DEBUG	Calling bootstrap method startup on aushelper@mozilla.org version 2.0
1497265607775	addons.xpi	DEBUG	Registering manifest for C:\Program Files (x86)\Mozilla Firefox\browser\features\e10srollout@mozilla.org.xpi
1497265607776	addons.xpi	DEBUG	Calling bootstrap method startup on e10srollout@mozilla.org version 1.14
1497265607776	addons.xpi	DEBUG	Registering manifest for C:\Program Files (x86)\Mozilla Firefox\browser\features\firefox@getpocket.com.xpi
1497265607777	addons.xpi	DEBUG	Calling bootstrap method startup on firefox@getpocket.com version 1.0.5
1497265607778	addons.xpi	DEBUG	Registering manifest for C:\Program Files (x86)\Mozilla Firefox\browser\features\webcompat@mozilla.org.xpi
1497265607778	addons.xpi	DEBUG	Calling bootstrap method startup on webcompat@mozilla.org version 1.0
1497265607781	addons.manager	DEBUG	Registering shutdown blocker for XPIProvider
1497265607781	addons.manager	DEBUG	Provider finished startup: XPIProvider
1497265607782	addons.manager	DEBUG	Starting provider: LightweightThemeManager
1497265607782	addons.manager	DEBUG	Registering shutdown blocker for LightweightThemeManager
1497265607782	addons.manager	DEBUG	Provider finished startup: LightweightThemeManager
1497265607783	addons.manager	DEBUG	Starting provider: GMPProvider
1497265607787	addons.manager	DEBUG	Registering shutdown blocker for GMPProvider
1497265607787	addons.manager	DEBUG	Provider finished startup: GMPProvider
1497265607787	addons.manager	DEBUG	Starting provider: PluginProvider
1497265607787	addons.manager	DEBUG	Registering shutdown blocker for PluginProvider
1497265607788	addons.manager	DEBUG	Provider finished startup: PluginProvider
1497265607788	addons.manager	DEBUG	Completed startup sequence
1497265612263	DeferredSave.extensions.json	DEBUG	Starting write
1497265612272	addons.manager	DEBUG	Starting provider: <unnamed-provider>
1497265612272	addons.manager	DEBUG	Registering shutdown blocker for <unnamed-provider>
1497265612273	addons.manager	DEBUG	Provider finished startup: <unnamed-provider>
1497265612646	addons.repository	DEBUG	No addons.json found.
1497265612647	DeferredSave.addons.json	DEBUG	Save changes
1497265612651	DeferredSave.addons.json	DEBUG	Starting timer
1497265612674	addons.manager	DEBUG	Starting provider: PreviousExperimentProvider
1497265612675	addons.manager	DEBUG	Registering shutdown blocker for PreviousExperimentProvider
1497265612675	addons.manager	DEBUG	Provider finished startup: PreviousExperimentProvider
1497265612677	DeferredSave.extensions.json	DEBUG	Write succeeded
1497265612677	addons.xpi-utils	DEBUG	XPI Database saved, setting schema version preference to 19
1497265612714	DeferredSave.addons.json	DEBUG	Starting write
1497265612728	DeferredSave.addons.json	DEBUG	Write succeeded

	at org.openqa.selenium.firefox.internal.NewProfileExtensionConnection.start(NewProfileExtensionConnection.java:113)
	... 31 more
]]>
    </error>
  </testcase> <!-- test_URL -->
</testsuite> <!-- com.test.practices.SEO_BuildersURL -->
