<?xml version="1.0" encoding="UTF-8"?>
<!-- Generated by org.testng.reporters.JUnitReportReporter -->
<testsuite hostname="admin-PC" name="com.testcases.SignUp_Page" tests="1" failures="0" timestamp="23 May 2017 17:50:59 GMT" time="30.268" errors="0">
  <testcase name="testcase2" time="30.268" classname="com.testcases.SignUp_Page"/>
</testsuite> <!-- com.testcases.SignUp_Page -->
