<?xml version="1.0" encoding="UTF-8"?>
<!-- Generated by org.testng.reporters.JUnitReportReporter -->
<testsuite hostname="admin-PC" name="com.resources.SampleTest2" tests="1" failures="0" timestamp="25 May 2017 17:26:30 GMT" time="25.754" errors="0">
  <testcase name="LinkCheck" time="25.754" classname="com.resources.SampleTest2"/>
</testsuite> <!-- com.resources.SampleTest2 -->
