<?xml version="1.0" encoding="UTF-8"?>
<!-- Generated by org.testng.reporters.JUnitReportReporter -->
<testsuite hostname="admin-PC" name="com.util.SampleExtentrReport" tests="1" failures="0" timestamp="23 May 2017 11:58:32 GMT" time="61.584" errors="0">
  <testcase name="ExportReport" time="61.584" classname="com.util.SampleExtentrReport"/>
</testsuite> <!-- com.util.SampleExtentrReport -->
