<?xml version="1.0" encoding="UTF-8"?>
<!-- Generated by org.testng.reporters.JUnitReportReporter -->
<testsuite hostname="admin-PC" name="com.testcases.SignUp_Page" tests="1" failures="0" timestamp="22 May 2017 11:50:15 GMT" time="48.763" errors="0">
  <testcase name="testcase2" time="48.763" classname="com.testcases.SignUp_Page"/>
</testsuite> <!-- com.testcases.SignUp_Page -->
