<?xml version="1.0" encoding="UTF-8"?>
<!-- Generated by org.testng.reporters.JUnitReportReporter -->
<testsuite hostname="admin-PC" name="com.testcases.SignUp_Page" tests="1" failures="0" timestamp="24 May 2017 17:51:24 GMT" time="39.445" errors="0">
  <testcase name="testcase2" time="39.445" classname="com.testcases.SignUp_Page"/>
</testsuite> <!-- com.testcases.SignUp_Page -->
